  20220921_yjj_test1.cpp
D:\C-프로그램\20220921\20220921_yjj_test1\20220921_yjj_test1\20220921_yjj_test1.cpp(9,14): warning C4244: '초기화 중': 'double'에서 'int'(으)로 변환하면서 데이터가 손실될 수 있습니다.
D:\C-프로그램\20220921\20220921_yjj_test1\20220921_yjj_test1\20220921_yjj_test1.cpp(12,12): error C2001: 상수에 줄 바꿈 문자가 있습니다.
D:\C-프로그램\20220921\20220921_yjj_test1\20220921_yjj_test1\20220921_yjj_test1.cpp(13,5): error C2146: 구문 오류: ')'이(가) 'printf' 식별자 앞에 없습니다.
D:\C-프로그램\20220921\20220921_yjj_test1\20220921_yjj_test1\20220921_yjj_test1.cpp(12,12): warning C4473: 'printf': 서식 문자열에 대한 인수가 충분하게 전달되지 않았습니다.
D:\C-프로그램\20220921\20220921_yjj_test1\20220921_yjj_test1\20220921_yjj_test1.cpp(12,12): message : 자리 표시자 및 해당 매개 변수에는 variadic 인수가 1개 필요하지만 0개가 제공되었습니다.
D:\C-프로그램\20220921\20220921_yjj_test1\20220921_yjj_test1\20220921_yjj_test1.cpp(12,12): message : 누락된 variadic 인수 1이(가) 서식 문자열 '%f'에 필요합니다.
D:\C-프로그램\20220921\20220921_yjj_test1\20220921_yjj_test1\20220921_yjj_test1.cpp(13,5): error C2146: 구문 오류: ';'이(가) 'printf' 식별자 앞에 없습니다.
D:\C-프로그램\20220921\20220921_yjj_test1\20220921_yjj_test1\20220921_yjj_test1.cpp(13,12): warning C4473: 'printf': 서식 문자열에 대한 인수가 충분하게 전달되지 않았습니다.
D:\C-프로그램\20220921\20220921_yjj_test1\20220921_yjj_test1\20220921_yjj_test1.cpp(13,12): message : 자리 표시자 및 해당 매개 변수에는 variadic 인수가 1개 필요하지만 0개가 제공되었습니다.
D:\C-프로그램\20220921\20220921_yjj_test1\20220921_yjj_test1\20220921_yjj_test1.cpp(13,12): message : 누락된 variadic 인수 1이(가) 서식 문자열 '%d'에 필요합니다.
D:\C-프로그램\20220921\20220921_yjj_test1\20220921_yjj_test1\20220921_yjj_test1.cpp(14,5): error C2146: 구문 오류: ';'이(가) 'printf' 식별자 앞에 없습니다.
D:\C-프로그램\20220921\20220921_yjj_test1\20220921_yjj_test1\20220921_yjj_test1.cpp(14,12): warning C4473: 'printf': 서식 문자열에 대한 인수가 충분하게 전달되지 않았습니다.
D:\C-프로그램\20220921\20220921_yjj_test1\20220921_yjj_test1\20220921_yjj_test1.cpp(14,12): message : 자리 표시자 및 해당 매개 변수에는 variadic 인수가 1개 필요하지만 0개가 제공되었습니다.
D:\C-프로그램\20220921\20220921_yjj_test1\20220921_yjj_test1\20220921_yjj_test1.cpp(14,12): message : 누락된 variadic 인수 1이(가) 서식 문자열 '%d'에 필요합니다.
