  20220907_yjj_test1.cpp
D:\C-프로그램\20220907\20220907_yjj_test1\20220907_yjj_test1\20220907_yjj_test1.cpp(13,11): error C2017: 이스케이프 시퀀스가 잘못되었습니다.
D:\C-프로그램\20220907\20220907_yjj_test1\20220907_yjj_test1\20220907_yjj_test1.cpp(13,8): error C2065: 'yjj': 선언되지 않은 식별자입니다.
D:\C-프로그램\20220907\20220907_yjj_test1\20220907_yjj_test1\20220907_yjj_test1.cpp(13,13): error C2017: 이스케이프 시퀀스가 잘못되었습니다.
D:\C-프로그램\20220907\20220907_yjj_test1\20220907_yjj_test1\20220907_yjj_test1.cpp(13,12): error C2146: 구문 오류: ')'이(가) 'n' 식별자 앞에 없습니다.
D:\C-프로그램\20220907\20220907_yjj_test1\20220907_yjj_test1\20220907_yjj_test1.cpp(13,12): error C2146: 구문 오류: ';'이(가) 'n' 식별자 앞에 없습니다.
D:\C-프로그램\20220907\20220907_yjj_test1\20220907_yjj_test1\20220907_yjj_test1.cpp(13,15): error C2017: 이스케이프 시퀀스가 잘못되었습니다.
D:\C-프로그램\20220907\20220907_yjj_test1\20220907_yjj_test1\20220907_yjj_test1.cpp(13,12): error C2065: 'n': 선언되지 않은 식별자입니다.
D:\C-프로그램\20220907\20220907_yjj_test1\20220907_yjj_test1\20220907_yjj_test1.cpp(13,14): error C2146: 구문 오류: ';'이(가) 'n' 식별자 앞에 없습니다.
D:\C-프로그램\20220907\20220907_yjj_test1\20220907_yjj_test1\20220907_yjj_test1.cpp(13,17): error C2017: 이스케이프 시퀀스가 잘못되었습니다.
D:\C-프로그램\20220907\20220907_yjj_test1\20220907_yjj_test1\20220907_yjj_test1.cpp(13,14): error C2065: 'n': 선언되지 않은 식별자입니다.
D:\C-프로그램\20220907\20220907_yjj_test1\20220907_yjj_test1\20220907_yjj_test1.cpp(13,16): error C2146: 구문 오류: ';'이(가) 'n' 식별자 앞에 없습니다.
D:\C-프로그램\20220907\20220907_yjj_test1\20220907_yjj_test1\20220907_yjj_test1.cpp(13,16): error C2065: 'n': 선언되지 않은 식별자입니다.
D:\C-프로그램\20220907\20220907_yjj_test1\20220907_yjj_test1\20220907_yjj_test1.cpp(13,18): error C2146: 구문 오류: ';'이(가) 'n' 식별자 앞에 없습니다.
D:\C-프로그램\20220907\20220907_yjj_test1\20220907_yjj_test1\20220907_yjj_test1.cpp(13,19): error C2059: 구문 오류: ')'
D:\C-프로그램\20220907\20220907_yjj_test1\20220907_yjj_test1\20220907_yjj_test1.cpp(13,18): error C2065: 'n': 선언되지 않은 식별자입니다.
D:\C-프로그램\20220907\20220907_yjj_test1\20220907_yjj_test1\20220907_yjj_test1.cpp(14,1): error C2146: 구문 오류: ';'이(가) 'printf' 식별자 앞에 없습니다.
D:\C-프로그램\20220907\20220907_yjj_test1\20220907_yjj_test1\20220907_yjj_test1.cpp(14,8): error C2065: '스마트모빌리티': 선언되지 않은 식별자입니다.
D:\C-프로그램\20220907\20220907_yjj_test1\20220907_yjj_test1\20220907_yjj_test1.cpp(15,1): error C2146: 구문 오류: ';'이(가) 'printf' 식별자 앞에 없습니다.
D:\C-프로그램\20220907\20220907_yjj_test1\20220907_yjj_test1\20220907_yjj_test1.cpp(16,1): error C2143: 구문 오류: ';'이(가) 'return' 앞에 없습니다.
D:\C-프로그램\20220907\20220907_yjj_test1\20220907_yjj_test1\20220907_yjj_test1.cpp(15,1): warning C4551: 함수 호출에 인수 목록이 없습니다.
D:\C-프로그램\20220907\20220907_yjj_test1\20220907_yjj_test1\20220907_yjj_test1.cpp(11): fatal error C1075: '{': 일치하는 토큰을 찾을 수 없습니다.
