  20220921_yjj_test4.cpp
D:\C-프로그램\20220921\20220921_yjj_test4\20220921_yjj_test4\20220921_yjj_test4.cpp(12,8): warning C4473: 'scanf': 서식 문자열에 대한 인수가 충분하게 전달되지 않았습니다.
D:\C-프로그램\20220921\20220921_yjj_test4\20220921_yjj_test4\20220921_yjj_test4.cpp(12,8): message : 자리 표시자 및 해당 매개 변수에는 variadic 인수가 1개 필요하지만 0개가 제공되었습니다.
D:\C-프로그램\20220921\20220921_yjj_test4\20220921_yjj_test4\20220921_yjj_test4.cpp(12,8): message : 누락된 variadic 인수 1이(가) 서식 문자열 '%d'에 필요합니다.
D:\C-프로그램\20220921\20220921_yjj_test4\20220921_yjj_test4\20220921_yjj_test4.cpp(13,5): error C2146: 구문 오류: ';'이(가) 'printf' 식별자 앞에 없습니다.
D:\C-프로그램\20220921\20220921_yjj_test4\20220921_yjj_test4\20220921_yjj_test4.cpp(12,2): error C4996: 'scanf': This function or variable may be unsafe. Consider using scanf_s instead. To disable deprecation, use _CRT_SECURE_NO_WARNINGS. See online help for details.
